<?xml version="1.0" encoding="UTF-8"?>
<testsuite name="com.example.demo.services.RoomOptimisationServiceTest" tests="2" skipped="0" failures="0" errors="0" timestamp="2019-02-16T17:56:24" hostname="APL-0067.fritz.box" time="0.015">
  <properties/>
  <testcase name="iterativeTest" classname="com.example.demo.services.RoomOptimisationServiceTest" time="0.014"/>
  <testcase name="recursiveTest" classname="com.example.demo.services.RoomOptimisationServiceTest" time="0.001"/>
  <system-out><![CDATA[]]></system-out>
  <system-err><![CDATA[]]></system-err>
</testsuite>
